  [1m[36m (3.6ms)[0m  [1mCREATE TABLE "schema_migrations" ("version" varchar NOT NULL) [0m
  [1m[35m (0.1ms)[0m  select sqlite_version(*)
  [1m[36m (3.3ms)[0m  [1mCREATE UNIQUE INDEX "unique_schema_migrations" ON "schema_migrations" ("version")[0m
  [1m[35mActiveRecord::SchemaMigration Load (0.1ms)[0m  SELECT "schema_migrations".* FROM "schema_migrations"
Migrating to CreateBoys (20160311220223)
  [1m[36m (0.1ms)[0m  [1mbegin transaction[0m
  [1m[35m (2.5ms)[0m  CREATE TABLE "boys" ("id" INTEGER PRIMARY KEY AUTOINCREMENT NOT NULL, "name" varchar, "second_name" varchar, "last_name" varchar, "second_surname" varchar, "ti" varchar, "years" integer, "genre" varchar, "blood_type" varchar, "father_id" integer, "mother_id" integer, "vaccines" varchar, "birthdate" datetime, "antecedents" varchar, "created_at" datetime NOT NULL, "updated_at" datetime NOT NULL) 
  [1m[36mSQL (1.2ms)[0m  [1mINSERT INTO "schema_migrations" ("version") VALUES (?)[0m  [["version", "20160311220223"]]
  [1m[35m (5.8ms)[0m  commit transaction
Migrating to CreateGirls (20160311220443)
  [1m[36m (0.1ms)[0m  [1mbegin transaction[0m
  [1m[35m (0.4ms)[0m  CREATE TABLE "girls" ("id" INTEGER PRIMARY KEY AUTOINCREMENT NOT NULL, "name" varchar, "second_name" varchar, "last_name" varchar, "second_surname" varchar, "cc" varchar, "years" integer, "genre" varchar, "blood_type" varchar, "birthdate" datetime, "num_children" integer, "num_abortions" integer, "antecedents" varchar, "created_at" datetime NOT NULL, "updated_at" datetime NOT NULL) 
  [1m[36mSQL (0.2ms)[0m  [1mINSERT INTO "schema_migrations" ("version") VALUES (?)[0m  [["version", "20160311220443"]]
  [1m[35m (3.4ms)[0m  commit transaction
Migrating to CreateMen (20160311220521)
  [1m[36m (0.1ms)[0m  [1mbegin transaction[0m
  [1m[35m (0.3ms)[0m  CREATE TABLE "men" ("id" INTEGER PRIMARY KEY AUTOINCREMENT NOT NULL, "name" varchar, "second_name" varchar, "last_name" varchar, "second_surname" varchar, "cc" varchar, "years" integer, "genre" varchar, "blood_type" varchar, "birthdate" datetime, "antecedents" varchar, "created_at" datetime NOT NULL, "updated_at" datetime NOT NULL) 
  [1m[36mSQL (0.2ms)[0m  [1mINSERT INTO "schema_migrations" ("version") VALUES (?)[0m  [["version", "20160311220521"]]
  [1m[35m (3.3ms)[0m  commit transaction
  [1m[36mActiveRecord::SchemaMigration Load (0.1ms)[0m  [1mSELECT "schema_migrations".* FROM "schema_migrations"[0m
  [1m[36mActiveRecord::SchemaMigration Load (0.1ms)[0m  [1mSELECT "schema_migrations".* FROM "schema_migrations"[0m
Migrating to EditBoys (20160311221022)
  [1m[35m (1.0ms)[0m  begin transaction
  [1m[36m (0.7ms)[0m  [1mCREATE TEMPORARY TABLE "aboys" ("id" INTEGER PRIMARY KEY AUTOINCREMENT NOT NULL, "name" varchar, "second_name" varchar, "last_name" varchar, "second_surname" varchar, "ti" varchar, "years" integer, "genre" varchar, "blood_type" varchar, "father_id" integer, "mother_id" integer, "vaccines" varchar, "birthdate" datetime, "antecedents" varchar, "created_at" datetime NOT NULL, "updated_at" datetime NOT NULL) [0m
  [1m[35m (0.1ms)[0m  SELECT * FROM "boys"
  [1m[36m (0.4ms)[0m  [1mDROP TABLE "boys"[0m
  [1m[35m (0.1ms)[0m  CREATE TABLE "boys" ("id" INTEGER PRIMARY KEY AUTOINCREMENT NOT NULL, "name" varchar, "second_name" varchar, "last_name" varchar, "second_surname" varchar, "ti" varchar, "years" integer, "genre" varchar, "blood_type" varchar, "mother_id" integer, "vaccines" varchar, "birthdate" datetime, "antecedents" varchar, "created_at" datetime NOT NULL, "updated_at" datetime NOT NULL) 
  [1m[36m (0.1ms)[0m  [1mSELECT * FROM "aboys"[0m
  [1m[35m (0.1ms)[0m  DROP TABLE "aboys"
  [1m[36m (0.1ms)[0m  [1mCREATE TEMPORARY TABLE "aboys" ("id" INTEGER PRIMARY KEY AUTOINCREMENT NOT NULL, "name" varchar, "second_name" varchar, "last_name" varchar, "second_surname" varchar, "ti" varchar, "years" integer, "genre" varchar, "blood_type" varchar, "mother_id" integer, "vaccines" varchar, "birthdate" datetime, "antecedents" varchar, "created_at" datetime NOT NULL, "updated_at" datetime NOT NULL) [0m
  [1m[35m (0.1ms)[0m  SELECT * FROM "boys"
  [1m[36m (0.1ms)[0m  [1mDROP TABLE "boys"[0m
  [1m[35m (0.1ms)[0m  CREATE TABLE "boys" ("id" INTEGER PRIMARY KEY AUTOINCREMENT NOT NULL, "name" varchar, "second_name" varchar, "last_name" varchar, "second_surname" varchar, "ti" varchar, "years" integer, "genre" varchar, "blood_type" varchar, "mother_id" integer, "vaccines" varchar, "birthdate" datetime, "antecedents" varchar, "created_at" datetime NOT NULL, "updated_at" datetime NOT NULL) 
  [1m[36m (0.1ms)[0m  [1mSELECT * FROM "aboys"[0m
  [1m[35m (0.1ms)[0m  DROP TABLE "aboys"
  [1m[36m (0.1ms)[0m  [1mALTER TABLE "boys" ADD "father_fullname" varchar[0m
  [1m[35m (0.1ms)[0m  ALTER TABLE "boys" ADD "mather_fullname" varchar
  [1m[36mSQL (3.8ms)[0m  [1mINSERT INTO "schema_migrations" ("version") VALUES (?)[0m  [["version", "20160311221022"]]
  [1m[35m (3.6ms)[0m  commit transaction
  [1m[36mActiveRecord::SchemaMigration Load (0.1ms)[0m  [1mSELECT "schema_migrations".* FROM "schema_migrations"[0m
